{
  "stats": {
    "suites": 1,
    "tests": 4,
    "passes": 4,
    "pending": 0,
    "failures": 0,
    "start": "2019-02-17T14:43:49.228Z",
    "end": "2019-02-17T14:43:55.658Z",
    "duration": 6430,
    "testsRegistered": 4,
    "passPercent": 100,
    "pendingPercent": 0,
    "other": 0,
    "hasOther": false,
    "skipped": 0,
    "hasSkipped": false,
    "passPercentClass": "success",
    "pendingPercentClass": "danger"
  },
  "suites": {
    "uuid": "d0b282aa-0203-48f0-b431-3d05ede572fe",
    "title": "",
    "fullFile": "",
    "file": "",
    "beforeHooks": [],
    "afterHooks": [],
    "tests": [],
    "suites": [
      {
        "uuid": "eac8271a-7983-43d3-a296-b7690cd6023c",
        "title": "Mocha is a test framework and chai is the assertion library",
        "fullFile": "D:\\newJSTestAutomation\\testAuomationWithJS\\test\\test1.js",
        "file": "\\test\\test1.js",
        "beforeHooks": [
          {
            "title": "\"before all\" hook: Launching the home page",
            "fullTitle": "Mocha is a test framework and chai is the assertion library \"before all\" hook: Launching the home page",
            "timedOut": false,
            "duration": 5581,
            "pass": false,
            "fail": false,
            "pending": false,
            "code": "var gen = fn.apply(this, arguments); return new Promise(function (resolve, reject) { function step(key, arg) { try { var info = gen[key](arg); var value = info.value; } catch (error) { reject(error); return; } if (info.done) { resolve(value); } else { return Promise.resolve(value).then(function (value) { step(\"next\", value); }, function (err) { step(\"throw\", err); }); } } return step(\"next\"); });",
            "err": {},
            "isRoot": false,
            "uuid": "93ecb2eb-2425-4d31-9160-be76f929c222",
            "isHook": true,
            "skipped": false
          }
        ],
        "afterHooks": [],
        "tests": [
          {
            "title": "Verifying the homepage title",
            "fullTitle": "Mocha is a test framework and chai is the assertion library Verifying the homepage title",
            "timedOut": false,
            "duration": 10,
            "state": "passed",
            "speed": "fast",
            "pass": true,
            "fail": false,
            "pending": false,
            "context": "\"simple string\"",
            "code": "var gen = fn.apply(this, arguments); return new Promise(function (resolve, reject) { function step(key, arg) { try { var info = gen[key](arg); var value = info.value; } catch (error) { reject(error); return; } if (info.done) { resolve(value); } else { return Promise.resolve(value).then(function (value) { step(\"next\", value); }, function (err) { step(\"throw\", err); }); } } return step(\"next\"); });",
            "err": {},
            "isRoot": false,
            "uuid": "f79feab6-9b34-45e2-b019-7f34998427da",
            "isHook": false,
            "skipped": false
          },
          {
            "title": "Navigating to the Sample DemoPage",
            "fullTitle": "Mocha is a test framework and chai is the assertion library Navigating to the Sample DemoPage",
            "timedOut": false,
            "duration": 413,
            "state": "passed",
            "speed": "slow",
            "pass": true,
            "fail": false,
            "pending": false,
            "code": "var gen = fn.apply(this, arguments); return new Promise(function (resolve, reject) { function step(key, arg) { try { var info = gen[key](arg); var value = info.value; } catch (error) { reject(error); return; } if (info.done) { resolve(value); } else { return Promise.resolve(value).then(function (value) { step(\"next\", value); }, function (err) { step(\"throw\", err); }); } } return step(\"next\"); });",
            "err": {},
            "isRoot": false,
            "uuid": "1cc1044a-f25e-4475-ba46-127a2b560eeb",
            "isHook": false,
            "skipped": false
          },
          {
            "title": "Enter the text in enter-message field and verify the message",
            "fullTitle": "Mocha is a test framework and chai is the assertion library Enter the text in enter-message field and verify the message",
            "timedOut": false,
            "duration": 211,
            "state": "passed",
            "speed": "slow",
            "pass": true,
            "fail": false,
            "pending": false,
            "code": "var gen = fn.apply(this, arguments); return new Promise(function (resolve, reject) { function step(key, arg) { try { var info = gen[key](arg); var value = info.value; } catch (error) { reject(error); return; } if (info.done) { resolve(value); } else { return Promise.resolve(value).then(function (value) { step(\"next\", value); }, function (err) { step(\"throw\", err); }); } } return step(\"next\"); });",
            "err": {},
            "isRoot": false,
            "uuid": "125aa023-ee30-49da-9a8a-9cb646e2d46d",
            "isHook": false,
            "skipped": false
          },
          {
            "title": "Enter the two numbers to get the toatl and verify",
            "fullTitle": "Mocha is a test framework and chai is the assertion library Enter the two numbers to get the toatl and verify",
            "timedOut": false,
            "duration": 176,
            "state": "passed",
            "speed": "slow",
            "pass": true,
            "fail": false,
            "pending": false,
            "code": "var gen = fn.apply(this, arguments); return new Promise(function (resolve, reject) { function step(key, arg) { try { var info = gen[key](arg); var value = info.value; } catch (error) { reject(error); return; } if (info.done) { resolve(value); } else { return Promise.resolve(value).then(function (value) { step(\"next\", value); }, function (err) { step(\"throw\", err); }); } } return step(\"next\"); });",
            "err": {},
            "isRoot": false,
            "uuid": "5af5a28c-5e7a-48bc-b2ae-1807c1a6d469",
            "isHook": false,
            "skipped": false
          }
        ],
        "suites": [],
        "passes": [
          "f79feab6-9b34-45e2-b019-7f34998427da",
          "1cc1044a-f25e-4475-ba46-127a2b560eeb",
          "125aa023-ee30-49da-9a8a-9cb646e2d46d",
          "5af5a28c-5e7a-48bc-b2ae-1807c1a6d469"
        ],
        "failures": [],
        "pending": [],
        "skipped": [],
        "duration": 810,
        "root": false,
        "rootEmpty": false,
        "_timeout": 100000
      }
    ],
    "passes": [],
    "failures": [],
    "pending": [],
    "skipped": [],
    "duration": 0,
    "root": true,
    "rootEmpty": true,
    "_timeout": 100000
  },
  "copyrightYear": 2019
}