{
  "stats": {
    "suites": 1,
    "tests": 4,
    "passes": 4,
    "pending": 0,
    "failures": 0,
    "start": "2019-02-17T03:04:58.932Z",
    "end": "2019-02-17T03:05:04.902Z",
    "duration": 5970,
    "testsRegistered": 4,
    "passPercent": 100,
    "pendingPercent": 0,
    "other": 0,
    "hasOther": false,
    "skipped": 0,
    "hasSkipped": false,
    "passPercentClass": "success",
    "pendingPercentClass": "danger"
  },
  "suites": {
    "uuid": "356402e1-501c-4546-8928-6fc3b88bbcc9",
    "title": "",
    "fullFile": "",
    "file": "",
    "beforeHooks": [],
    "afterHooks": [],
    "tests": [],
    "suites": [
      {
        "uuid": "4c5893f4-6279-4335-bcb3-953376c4654a",
        "title": "Mocha is a test framework and chai is the assertion library",
        "fullFile": "D:\\newJSTestAutomation\\testAuomationWithJS\\test\\test1.js",
        "file": "\\test\\test1.js",
        "beforeHooks": [
          {
            "title": "\"before all\" hook: Launching the home page",
            "fullTitle": "Mocha is a test framework and chai is the assertion library \"before all\" hook: Launching the home page",
            "timedOut": false,
            "duration": 5202,
            "pass": false,
            "fail": false,
            "pending": false,
            "code": "var gen = fn.apply(this, arguments); return new Promise(function (resolve, reject) { function step(key, arg) { try { var info = gen[key](arg); var value = info.value; } catch (error) { reject(error); return; } if (info.done) { resolve(value); } else { return Promise.resolve(value).then(function (value) { step(\"next\", value); }, function (err) { step(\"throw\", err); }); } } return step(\"next\"); });",
            "err": {},
            "isRoot": false,
            "uuid": "6b89d2d0-b1e1-4e0c-9ba6-2d6a4aadcfb8",
            "isHook": true,
            "skipped": false
          }
        ],
        "afterHooks": [],
        "tests": [
          {
            "title": "Verifying the homepage title",
            "fullTitle": "Mocha is a test framework and chai is the assertion library Verifying the homepage title",
            "timedOut": false,
            "duration": 10,
            "state": "passed",
            "speed": "fast",
            "pass": true,
            "fail": false,
            "pending": false,
            "context": "\"simple string\"",
            "code": "var gen = fn.apply(this, arguments); return new Promise(function (resolve, reject) { function step(key, arg) { try { var info = gen[key](arg); var value = info.value; } catch (error) { reject(error); return; } if (info.done) { resolve(value); } else { return Promise.resolve(value).then(function (value) { step(\"next\", value); }, function (err) { step(\"throw\", err); }); } } return step(\"next\"); });",
            "err": {},
            "isRoot": false,
            "uuid": "31c28c6f-9da3-4f8f-b59a-edebb70a9979",
            "isHook": false,
            "skipped": false
          },
          {
            "title": "Navigating to the Sample DemoPage",
            "fullTitle": "Mocha is a test framework and chai is the assertion library Navigating to the Sample DemoPage",
            "timedOut": false,
            "duration": 368,
            "state": "passed",
            "speed": "slow",
            "pass": true,
            "fail": false,
            "pending": false,
            "code": "var gen = fn.apply(this, arguments); return new Promise(function (resolve, reject) { function step(key, arg) { try { var info = gen[key](arg); var value = info.value; } catch (error) { reject(error); return; } if (info.done) { resolve(value); } else { return Promise.resolve(value).then(function (value) { step(\"next\", value); }, function (err) { step(\"throw\", err); }); } } return step(\"next\"); });",
            "err": {},
            "isRoot": false,
            "uuid": "c648b7e4-f953-4f3f-b5cc-3441a0f79eb1",
            "isHook": false,
            "skipped": false
          },
          {
            "title": "Enter the text in enter-message field and verify the message",
            "fullTitle": "Mocha is a test framework and chai is the assertion library Enter the text in enter-message field and verify the message",
            "timedOut": false,
            "duration": 186,
            "state": "passed",
            "speed": "slow",
            "pass": true,
            "fail": false,
            "pending": false,
            "code": "var gen = fn.apply(this, arguments); return new Promise(function (resolve, reject) { function step(key, arg) { try { var info = gen[key](arg); var value = info.value; } catch (error) { reject(error); return; } if (info.done) { resolve(value); } else { return Promise.resolve(value).then(function (value) { step(\"next\", value); }, function (err) { step(\"throw\", err); }); } } return step(\"next\"); });",
            "err": {},
            "isRoot": false,
            "uuid": "6756cc5f-8abd-4e24-a650-6f76add1b891",
            "isHook": false,
            "skipped": false
          },
          {
            "title": "Enter the two numbers to get the toatl and verify",
            "fullTitle": "Mocha is a test framework and chai is the assertion library Enter the two numbers to get the toatl and verify",
            "timedOut": false,
            "duration": 186,
            "state": "passed",
            "speed": "slow",
            "pass": true,
            "fail": false,
            "pending": false,
            "code": "var gen = fn.apply(this, arguments); return new Promise(function (resolve, reject) { function step(key, arg) { try { var info = gen[key](arg); var value = info.value; } catch (error) { reject(error); return; } if (info.done) { resolve(value); } else { return Promise.resolve(value).then(function (value) { step(\"next\", value); }, function (err) { step(\"throw\", err); }); } } return step(\"next\"); });",
            "err": {},
            "isRoot": false,
            "uuid": "6537278d-6cb1-4360-acba-2781b244e490",
            "isHook": false,
            "skipped": false
          }
        ],
        "suites": [],
        "passes": [
          "31c28c6f-9da3-4f8f-b59a-edebb70a9979",
          "c648b7e4-f953-4f3f-b5cc-3441a0f79eb1",
          "6756cc5f-8abd-4e24-a650-6f76add1b891",
          "6537278d-6cb1-4360-acba-2781b244e490"
        ],
        "failures": [],
        "pending": [],
        "skipped": [],
        "duration": 750,
        "root": false,
        "rootEmpty": false,
        "_timeout": 100000
      }
    ],
    "passes": [],
    "failures": [],
    "pending": [],
    "skipped": [],
    "duration": 0,
    "root": true,
    "rootEmpty": true,
    "_timeout": 100000
  },
  "copyrightYear": 2019
}