{
  "stats": {
    "suites": 2,
    "tests": 3,
    "passes": 3,
    "pending": 0,
    "failures": 0,
    "start": "2019-03-01T12:10:08.930Z",
    "end": "2019-03-01T12:10:15.362Z",
    "duration": 6432,
    "testsRegistered": 3,
    "passPercent": 100,
    "pendingPercent": 0,
    "other": 0,
    "hasOther": false,
    "skipped": 0,
    "hasSkipped": false,
    "passPercentClass": "success",
    "pendingPercentClass": "danger"
  },
  "suites": {
    "uuid": "b61e1dc6-4735-48d4-8153-177d59f17777",
    "title": "",
    "fullFile": "",
    "file": "",
    "beforeHooks": [],
    "afterHooks": [],
    "tests": [],
    "suites": [
      {
        "uuid": "c3b113e2-c0e6-4548-a788-3946aae0e2c9",
        "title": "Mocha is a test framework and chai is the assertion library",
        "fullFile": "D:\\newJSTestAutomation\\testAuomationWithJS\\src\\test\\main-test-engine.js",
        "file": "\\src\\test\\main-test-engine.js",
        "beforeHooks": [
          {
            "title": "\"before all\" hook: Launching the home page",
            "fullTitle": "Mocha is a test framework and chai is the assertion library \"before all\" hook: Launching the home page",
            "timedOut": false,
            "duration": 4967,
            "pass": false,
            "fail": false,
            "pending": false,
            "code": "var gen = fn.apply(this, arguments); return new Promise(function (resolve, reject) { function step(key, arg) { try { var info = gen[key](arg); var value = info.value; } catch (error) { reject(error); return; } if (info.done) { resolve(value); } else { return Promise.resolve(value).then(function (value) { step(\"next\", value); }, function (err) { step(\"throw\", err); }); } } return step(\"next\"); });",
            "err": {},
            "isRoot": false,
            "uuid": "f6109f6f-2440-4bce-aec7-55b8acbe9f40",
            "isHook": true,
            "skipped": false
          }
        ],
        "afterHooks": [],
        "tests": [
          {
            "title": "Verifying the homepage title",
            "fullTitle": "Mocha is a test framework and chai is the assertion library Verifying the homepage title",
            "timedOut": false,
            "duration": 11,
            "state": "passed",
            "speed": "fast",
            "pass": true,
            "fail": false,
            "pending": false,
            "code": "var gen = fn.apply(this, arguments); return new Promise(function (resolve, reject) { function step(key, arg) { try { var info = gen[key](arg); var value = info.value; } catch (error) { reject(error); return; } if (info.done) { resolve(value); } else { return Promise.resolve(value).then(function (value) { step(\"next\", value); }, function (err) { step(\"throw\", err); }); } } return step(\"next\"); });",
            "err": {},
            "isRoot": false,
            "uuid": "3cfa674d-d9ed-4f8b-8730-141e31cd0bbf",
            "isHook": false,
            "skipped": false
          }
        ],
        "suites": [
          {
            "uuid": "eec21aa1-c30f-488b-a696-de75cc3a6b23",
            "title": "Sample demo submit form",
            "fullFile": "D:\\newJSTestAutomation\\testAuomationWithJS\\src\\test\\main-test-engine.js",
            "file": "\\src\\test\\main-test-engine.js",
            "beforeHooks": [],
            "afterHooks": [],
            "tests": [
              {
                "title": "Navigating to inout form submit page",
                "fullTitle": "Mocha is a test framework and chai is the assertion library Sample demo submit form Navigating to inout form submit page",
                "timedOut": false,
                "duration": 426,
                "state": "passed",
                "speed": "slow",
                "pass": true,
                "fail": false,
                "pending": false,
                "code": "var gen = fn.apply(this, arguments); return new Promise(function (resolve, reject) { function step(key, arg) { try { var info = gen[key](arg); var value = info.value; } catch (error) { reject(error); return; } if (info.done) { resolve(value); } else { return Promise.resolve(value).then(function (value) { step(\"next\", value); }, function (err) { step(\"throw\", err); }); } } return step(\"next\"); });",
                "err": {},
                "isRoot": false,
                "uuid": "1696b265-3742-4e27-a4c1-6d7610369043",
                "isHook": false,
                "skipped": false
              },
              {
                "title": "Input form with validations",
                "fullTitle": "Mocha is a test framework and chai is the assertion library Sample demo submit form Input form with validations",
                "timedOut": false,
                "duration": 988,
                "state": "passed",
                "speed": "slow",
                "pass": true,
                "fail": false,
                "pending": false,
                "code": "var gen = fn.apply(this, arguments); return new Promise(function (resolve, reject) { function step(key, arg) { try { var info = gen[key](arg); var value = info.value; } catch (error) { reject(error); return; } if (info.done) { resolve(value); } else { return Promise.resolve(value).then(function (value) { step(\"next\", value); }, function (err) { step(\"throw\", err); }); } } return step(\"next\"); });",
                "err": {},
                "isRoot": false,
                "uuid": "46c28091-614b-4e97-bab7-ef2fc0a9613c",
                "isHook": false,
                "skipped": false
              }
            ],
            "suites": [],
            "passes": [
              "1696b265-3742-4e27-a4c1-6d7610369043",
              "46c28091-614b-4e97-bab7-ef2fc0a9613c"
            ],
            "failures": [],
            "pending": [],
            "skipped": [],
            "duration": 1414,
            "root": false,
            "rootEmpty": false,
            "_timeout": 100000
          }
        ],
        "passes": [
          "3cfa674d-d9ed-4f8b-8730-141e31cd0bbf"
        ],
        "failures": [],
        "pending": [],
        "skipped": [],
        "duration": 11,
        "root": false,
        "rootEmpty": false,
        "_timeout": 100000
      }
    ],
    "passes": [],
    "failures": [],
    "pending": [],
    "skipped": [],
    "duration": 0,
    "root": true,
    "rootEmpty": true,
    "_timeout": 100000
  },
  "copyrightYear": 2019
}